2025-10-21 00:02:43, EXEC, v:1, k:poo@motoca, mode:FULL, rate:53, size:94
2025-10-21 00:07:15, EXEC, v:1, k:poo@motoca, mode:FULL, rate:53, size:95
2025-10-21 00:07:51, EXEC, v:1, k:poo@motoca, mode:FULL, rate:60, size:95
2025-10-21 00:09:25, EXEC, v:1, k:poo@motoca, mode:FULL, rate:60, size:96
2025-10-21 00:12:20, EXEC, v:1, k:poo@motoca, mode:FULL, rate:60, size:97
2025-10-21 00:13:03, EXEC, v:1, k:poo@motoca, mode:FULL, rate:60, size:98
2025-10-21 00:14:24, EXEC, v:1, k:poo@motoca, mode:FULL, rate:60, size:98
2025-10-21 00:15:00, EXEC, v:1, k:poo@motoca, mode:FULL, rate:60, size:98
2025-10-21 00:15:48, EXEC, v:1, k:poo@motoca, mode:FULL, rate:60, size:98
2025-10-21 00:18:16, EXEC, v:1, k:poo@motoca, mode:FULL, rate:60, size:98
2025-10-21 00:21:53, EXEC, v:1, k:poo@motoca, mode:FULL, rate:60, size:102
2025-10-21 00:23:22, EXEC, v:1, k:poo@motoca, mode:FULL, rate:60, size:105
2025-10-21 00:24:51, EXEC, v:1, k:poo@motoca, mode:FULL, rate:60, size:102
2025-10-21 00:25:32, EXEC, v:1, k:poo@motoca, mode:FULL, rate:60, size:102
2025-10-21 00:28:21, EXEC, v:1, k:poo@motoca, mode:FULL, rate:60, size:102
2025-10-21 00:31:05, EXEC, v:1, k:poo@motoca, mode:FULL, rate:60, size:102
2025-10-21 00:34:36, EXEC, v:1, k:poo@motoca, mode:FULL, rate:80, size:101
2025-10-21 00:59:24, EXEC, v:1, k:poo@motoca, mode:FULL, rate:80, size:102
2025-10-21 00:59:52, EXEC, v:1, k:poo@motoca, mode:FULL, rate:86, size:102
2025-10-21 01:01:55, EXEC, v:1, k:poo@motoca, mode:FULL, rate:86, size:101
2025-10-21 01:02:09, EXEC, v:1, k:poo@motoca, mode:FULL, rate:86, size:102
2025-10-21 01:04:03, EXEC, v:1, k:poo@motoca, mode:FULL, rate:86, size:102
2025-10-21 01:04:43, EXEC, v:1, k:poo@motoca, mode:FULL, rate:60, size:104
2025-10-21 01:04:56, EXEC, v:1, k:poo@motoca, mode:FULL, rate:60, size:104
2025-10-21 01:05:08, EXEC, v:1, k:poo@motoca, mode:FULL, rate:60, size:104
2025-10-21 01:05:34, EXEC, v:1, k:poo@motoca, mode:FULL, rate:66, size:104
2025-10-21 01:06:05, EXEC, v:1, k:poo@motoca, mode:FULL, rate:86, size:102
2025-10-21 01:07:47, EXEC, v:1, k:poo@motoca, mode:FULL, rate:86
2025-10-21 01:10:24, EXEC, v:1, k:poo@motoca, mode:FULL, rate:86, size:103
2025-10-21 01:11:13, EXEC, v:1, k:poo@motoca, mode:FULL, rate:93, size:103
2025-10-21 01:14:38, EXEC, v:1, k:poo@motoca, mode:FULL, rate:93, size:105
2025-10-21 01:20:53, EXEC, v:1, k:poo@motoca, mode:FULL, rate:93, size:105
2025-10-21 01:21:17, EXEC, v:1, k:poo@motoca, mode:FULL, rate:93, size:105
2025-10-21 01:23:16, EXEC, v:1, k:poo@motoca, mode:FULL, rate:93, size:106
2025-10-21 01:23:30, EXEC, v:1, k:poo@motoca, mode:FULL, rate:93, size:106
2025-10-21 01:24:00, EXEC, v:1, k:poo@motoca, mode:FULL, rate:0, size:106
2025-10-21 01:24:06, EXEC, v:1, k:poo@motoca, mode:FULL, rate:93, size:106
2025-10-21 01:24:15, EXEC, v:1, k:poo@motoca, mode:FULL, rate:93, size:105
2025-10-21 01:24:23, EXEC, v:1, k:poo@motoca, mode:FULL, rate:93, size:105
2025-10-21 01:25:22, EXEC, v:1, k:poo@motoca, mode:FULL, rate:93, size:105
2025-10-21 01:28:22, EXEC, v:1, k:poo@motoca, mode:FULL, rate:100, size:105
2025-10-21 04:17:53, SELF, v:1, k:poo@motoca, human:monitor, alone:7, study:300
2025-10-21 04:18:39, MOVE, v:1, k:poo@motouber, mode:PICK
2025-10-21 04:18:40, EXEC, v:1, k:poo@motouber, mode:FULL, rate:0, size:0
2025-10-21 04:46:56, EXEC, v:1, k:poo@motouber, mode:FULL, rate:0, size:45
2025-10-21 04:47:02, EXEC, v:1, k:poo@motouber, mode:FULL, rate:0
2025-10-21 04:47:05, EXEC, v:1, k:poo@motouber, mode:FULL, rate:0, size:45
2025-10-21 04:47:48, EXEC, v:1, k:poo@motouber, mode:FULL, rate:0, size:45
2025-10-21 04:48:34, EXEC, v:1, k:poo@motouber, mode:FULL, rate:12, size:45
2025-10-21 04:50:26, EXEC, v:1, k:poo@motouber, mode:FULL, rate:12, size:44
2025-10-21 04:53:08, EXEC, v:1, k:poo@motouber, mode:FULL, rate:12, size:46
2025-10-21 04:58:59, EXEC, v:1, k:poo@motouber, mode:FULL, rate:12, size:54
2025-10-21 12:40:04, MOVE, v:1, k:poo@motouber, mode:PICK
2025-10-21 12:40:05, EXEC, v:1, k:poo@motouber, mode:FULL, rate:12, size:54
2025-10-21 12:44:21, EXEC, v:1, k:poo@motouber, mode:FULL, rate:12, size:55
2025-10-21 12:44:37, EXEC, v:1, k:poo@motouber, mode:FULL, rate:12, size:54
2025-10-21 12:52:38, EXEC, v:1, k:poo@motouber, mode:FULL, rate:12, size:57
2025-10-21 12:55:42, EXEC, v:1, k:poo@motouber, mode:FULL, rate:25, size:60
2025-10-21 12:56:04, EXEC, v:1, k:poo@motouber, mode:FULL, rate:12, size:56
2025-10-21 13:04:48, EXEC, v:1, k:poo@motouber, mode:FULL, rate:25, size:69
2025-10-21 13:05:21, EXEC, v:1, k:poo@motouber, mode:FULL, rate:50, size:69
2025-10-21 13:11:44, EXEC, v:1, k:poo@motouber, mode:FULL, rate:75, size:72
2025-10-21 13:11:45, EXEC, v:1, k:poo@motouber, mode:FULL, rate:75
2025-10-21 13:12:55, EXEC, v:1, k:poo@motouber, mode:FULL, rate:75
2025-10-21 13:23:29, EXEC, v:1, k:poo@motouber, mode:FULL, rate:0, size:82
2025-10-21 13:23:29, EXEC, v:1, k:poo@motouber, mode:FULL, rate:0, size:82
2025-10-21 13:23:29, EXEC, v:1, k:poo@motouber, mode:FULL, rate:0, size:82
2025-10-21 13:24:32, MOVE, v:1, k:poo@motouber, mode:PICK
2025-10-21 13:24:35, EXEC, v:1, k:poo@motouber, mode:FULL, rate:0
2025-10-21 13:25:04, EXEC, v:1, k:poo@motouber, mode:FULL, rate:0
2025-10-21 13:25:04, EXEC, v:1, k:poo@motouber, mode:FULL, rate:0
2025-10-21 13:25:04, MOVE, v:1, k:poo@motouber, mode:BACK
2025-10-21 13:25:07, MOVE, v:1, k:poo@motouber, mode:PICK
2025-10-21 13:25:19, EXEC, v:1, k:poo@motouber, mode:FULL, rate:0, size:82
2025-10-21 13:25:19, EXEC, v:1, k:poo@motouber, mode:FULL, rate:0, size:82
2025-10-21 13:25:19, EXEC, v:1, k:poo@motouber, mode:FULL, rate:0, size:82
2025-10-21 13:25:19, EXEC, v:1, k:poo@motouber, mode:FULL, rate:0, size:82
2025-10-21 13:25:41, EXEC, v:1, k:poo@motouber, mode:FULL, rate:0, size:82
2025-10-21 13:25:41, EXEC, v:1, k:poo@motouber, mode:FULL, rate:0, size:82
2025-10-21 13:25:42, EXEC, v:1, k:poo@motouber, mode:FULL, rate:0, size:82
2025-10-21 13:25:51, EXEC, v:1, k:poo@motouber, mode:FULL, rate:0, size:82
2025-10-21 13:31:03, EXEC, v:1, k:poo@motouber, mode:FULL, rate:0, size:85
2025-10-21 13:31:28, EXEC, v:1, k:poo@motouber, mode:FULL, rate:0
2025-10-21 13:31:28, EXEC, v:1, k:poo@motouber, mode:FULL, rate:0
2025-10-21 13:32:38, EXEC, v:1, k:poo@motouber, mode:FULL, rate:0, size:85
2025-10-21 13:32:57, EXEC, v:1, k:poo@motouber, mode:FULL, rate:0, size:85
2025-10-21 13:33:01, EXEC, v:1, k:poo@motouber, mode:FULL, rate:50, size:85
2025-10-21 13:34:17, EXEC, v:1, k:poo@motouber, mode:FULL, rate:50
2025-10-21 13:34:17, EXEC, v:1, k:poo@motouber, mode:FULL, rate:50
2025-10-21 13:34:50, EXEC, v:1, k:poo@motouber, mode:FULL, rate:0, size:85
2025-10-21 14:01:23, MOVE, v:1, k:poo@motouber, mode:PICK
2025-10-21 14:01:24, EXEC, v:1, k:poo@motouber, mode:FULL, rate:50, size:85
2025-10-21 14:05:22, EXEC, v:1, k:poo@motouber, mode:FULL, rate:75, size:85
2025-10-21 14:08:06, EXEC, v:1, k:poo@motouber, mode:FULL, rate:0, size:86
2025-10-21 14:08:39, EXEC, v:1, k:poo@motouber, mode:FULL, rate:75, size:86
2025-10-21 14:11:08, EXEC, v:1, k:poo@motouber, mode:FULL, rate:75, size:89
2025-10-21 14:11:56, EXEC, v:1, k:poo@motouber, mode:FULL, rate:75, size:89
2025-10-21 14:13:35, EXEC, v:1, k:poo@motouber, mode:FULL, rate:50, size:90
2025-10-21 14:13:49, EXEC, v:1, k:poo@motouber, mode:FULL, rate:50, size:90
2025-10-21 14:23:24, EXEC, v:1, k:poo@motouber, mode:FULL, rate:50, size:95
2025-10-21 14:23:48, EXEC, v:1, k:poo@motouber, mode:FULL, rate:50, size:95
2025-10-21 14:23:59, EXEC, v:1, k:poo@motouber, mode:FULL, rate:50, size:95
2025-10-21 14:24:29, EXEC, v:1, k:poo@motouber, mode:FULL, rate:50, size:95
2025-10-21 14:28:33, EXEC, v:1, k:poo@motouber, mode:FULL, rate:50, size:93
2025-10-21 14:29:54, EXEC, v:1, k:poo@motouber, mode:FULL, rate:75, size:93
2025-10-21 14:30:57, EXEC, v:1, k:poo@motouber, mode:FULL, rate:75, size:93
2025-10-21 14:35:28, EXEC, v:1, k:poo@motouber, mode:FULL, rate:0, size:94
2025-10-21 14:35:37, EXEC, v:1, k:poo@motouber, mode:FULL, rate:75, size:94
2025-10-21 14:37:59, EXEC, v:1, k:poo@motouber, mode:FULL, rate:75, size:94
2025-10-21 14:41:41, EXEC, v:1, k:poo@motouber, mode:FULL, rate:75, size:93
2025-10-21 14:43:56, EXEC, v:1, k:poo@motouber, mode:FULL, rate:75, size:97
2025-10-21 14:44:59, EXEC, v:1, k:poo@motouber, mode:FULL, rate:75, size:96
2025-10-21 14:45:52, EXEC, v:1, k:poo@motouber, mode:FULL, rate:75, size:97
2025-10-21 14:46:27, EXEC, v:1, k:poo@motouber, mode:FULL, rate:75, size:98
2025-10-21 14:47:59, EXEC, v:1, k:poo@motouber, mode:FULL, rate:75, size:98
2025-10-21 14:50:22, EXEC, v:1, k:poo@motouber, mode:FULL, rate:75, size:93
2025-10-21 14:53:28, EXEC, v:1, k:poo@motouber, mode:FULL, rate:87, size:94
2025-10-21 14:55:21, EXEC, v:1, k:poo@motouber, mode:FULL, rate:87, size:95
2025-10-21 14:56:08, EXEC, v:1, k:poo@motouber, mode:FULL, rate:87, size:98
2025-10-21 14:57:12, EXEC, v:1, k:poo@motouber, mode:FULL, rate:0, size:98
2025-10-21 14:57:26, EXEC, v:1, k:poo@motouber, mode:FULL, rate:87, size:98
2025-10-21 14:59:44, EXEC, v:1, k:poo@motouber, mode:FULL, rate:87, size:98
2025-10-21 15:02:10, EXEC, v:1, k:poo@motouber, mode:FULL, rate:100, size:99
2025-10-21 15:07:48, MOVE, v:1, k:poo@relogio, mode:PICK
2025-10-21 15:07:49, EXEC, v:1, k:poo@relogio, mode:FULL, rate:100
2025-10-21 15:07:52, MOVE, v:1, k:poo@relogio, mode:BACK
2025-10-21 15:07:57, MOVE, v:1, k:poo@roupa, mode:PICK
2025-10-21 15:07:58, EXEC, v:1, k:poo@roupa, mode:FULL, rate:100, size:39
2025-10-21 15:08:01, MOVE, v:1, k:poo@roupa, mode:BACK
2025-10-21 15:08:10, SELF, v:1, k:poo@roupa, rate:100, human:namorado, iagen:gpt, alone:6, study:120
2025-10-21 15:08:25, MOVE, v:1, k:poo@roupa, mode:PICK
2025-10-21 15:08:26, EXEC, v:1, k:poo@roupa, mode:FULL, rate:100
2025-10-21 15:08:27, MOVE, v:1, k:poo@roupa, mode:BACK
2025-10-21 15:08:34, MOVE, v:1, k:poo@motoca, mode:PICK
2025-10-21 15:08:35, EXEC, v:1, k:poo@motoca, mode:FULL, rate:100, size:104
2025-10-21 15:08:37, MOVE, v:1, k:poo@motoca, mode:BACK
2025-10-21 15:12:02, SELF, v:1, k:poo@motouber, human:amigo, alone:7, study:210
2025-10-21 15:12:04, MOVE, v:1, k:poo@motouber, mode:PICK
2025-10-21 15:12:05, EXEC, v:1, k:poo@motouber, mode:FULL, rate:100, size:97
2025-10-21 15:12:06, MOVE, v:1, k:poo@motouber, mode:BACK
2025-10-21 19:39:26, MOVE, v:1, k:poo@tamagotchi, mode:DOWN
